app/build/outputs/mapping/release/seeds.txt
com.waseem.brickgame.ui.main.MainActivity_ViewBinding
com.waseem.brickgame.ui.start.StartActivity: StartActivity()
com.waseem.brickgame.ui.settings.PrivacyPolicyActivity
com.waseem.brickgame.ui.score.ScoreActivity: ScoreActivity()
com.waseem.brickgame.figures.factory.FigureCreator$MainFigureType: com.waseem.brickgame.figures.factory.FigureCreator$MainFigureType valueOf(java.lang.String)
com.waseem.brickgame.enums.FigureState: com.waseem.brickgame.enums.FigureState valueOf(java.lang.String)
com.waseem.brickgame.ui.main.MainActivity: MainActivity()
com.waseem.brickgame.ui.start.StartActivity_ViewBinding
com.waseem.brickgame.ui.settings.SettingsActivity_ViewBinding
com.waseem.brickgame.ui.settings.PrivacyPolicyActivity: PrivacyPolicyActivity()
com.waseem.brickgame.ui.score.ScoreActivity
com.waseem.brickgame.ui.main.MainActivity_ViewBinding: MainActivity_ViewBinding(com.waseem.brickgame.ui.main.MainActivity,android.view.View)
com.waseem.brickgame.ui.score.ScoreActivity_ViewBinding: ScoreActivity_ViewBinding(com.waseem.brickgame.ui.score.ScoreActivity,android.view.View)
com.waseem.brickgame.ui.main.views.PreviewAreaView
com.waseem.brickgame.ui.main.views.PlayingAreaView: PlayingAreaView(android.content.Context,android.util.AttributeSet)
com.waseem.brickgame.ui.score.ScoreActivity_ViewBinding
com.waseem.brickgame.enums.FigureType: com.waseem.brickgame.enums.FigureType valueOf(java.lang.String)
com.waseem.brickgame.ui.main.views.PreviewAreaView: PreviewAreaView(android.content.Context,android.util.AttributeSet)
com.waseem.brickgame.enums.FigureState: com.waseem.brickgame.enums.FigureState[] values()
com.waseem.brickgame.ui.settings.SettingsActivity
com.waseem.brickgame.ui.settings.SettingsActivity_ViewBinding: SettingsActivity_ViewBinding(com.waseem.brickgame.ui.settings.SettingsActivity,android.view.View)
com.waseem.brickgame.ui.main.views.ScoreView
com.waseem.brickgame.ui.start.StartActivity_ViewBinding: StartActivity_ViewBinding(com.waseem.brickgame.ui.start.StartActivity,android.view.View)
com.waseem.brickgame.ui.settings.SettingsActivity: SettingsActivity()
com.waseem.brickgame.figures.factory.FigureCreator$MainFigureType: com.waseem.brickgame.figures.factory.FigureCreator$MainFigureType[] values()
com.waseem.brickgame.ui.main.views.ScoreView: void setScore(int)
com.waseem.brickgame.ui.start.StartActivity
com.waseem.brickgame.BlockGameApp: BlockGameApp()
com.waseem.brickgame.enums.FigureType: com.waseem.brickgame.enums.FigureType[] values()
com.waseem.brickgame.ui.main.views.PlayingAreaView
com.waseem.brickgame.BlockGameApp
com.waseem.brickgame.ui.main.views.ScoreView: ScoreView(android.content.Context,android.util.AttributeSet)
com.waseem.brickgame.enums.FigureSpeed: com.waseem.brickgame.enums.FigureSpeed valueOf(java.lang.String)
com.waseem.brickgame.ui.main.MainActivity
com.waseem.brickgame.enums.FigureSpeed: com.waseem.brickgame.enums.FigureSpeed[] values()
com.waseem.brickgame.ui.main.views.ScoreView: int getScore()
...
com.shawnlin.numberpicker.R$styleable: int AppCompatTextView_autoSizeMaxTextSize
com.shawnlin.numberpicker.R$layout: int support_simple_spinner_dropdown_item
com.google.android.gms.internal.measurement.zzfh: java.lang.String zzf
androidx.appcompat.R$dimen: int compat_button_padding_vertical_material
androidx.constraintlayout.widget.R$styleable: int AppCompatTextView_textLocale
androidx.appcompat.R$style: int Base_TextAppearance_AppCompat_Button
androidx.core.R$styleable: int GradientColor_android_endY
androidx.constraintlayout.widget.R$id: int action_mode_bar
androidx.appcompat.R$styleable: int AppCompatTheme_listMenuViewStyle
com.shawnlin.numberpicker.R$styleable: int ActionBar_icon
androidx.constraintlayout.widget.R$styleable: int[] AppCompatTextView
androidx.constraintlayout.widget.R$styleable: int Constraint_drawPath
butterknife.R$styleable: int GradientColor_android_centerY
com.shawnlin.numberpicker.R$styleable: int LinearLayoutCompat_android_baselineAligned
androidx.constraintlayout.widget.R$styleable: int Constraint_layout_constraintHeight_percent
androidx.constraintlayout.widget.R$styleable: int Constraint_layout_constraintVertical_chainStyle
androidx.appcompat.R$style: int TextAppearance_Widget_AppCompat_Toolbar_Subtitle
androidx.appcompat.R$styleable: int AnimatedStateListDrawableCompat_android_dither
androidx.appcompat.R$color: int abc_tint_edittext
androidx.core.R$attr: int fontWeight
androidx.appcompat.widget.AppCompatCheckBox: void setSupportButtonTintList(android.content.res.ColorStateList)
androidx.constraintlayout.widget.R$styleable: int AnimatedStateListDrawableCompat_android_variablePadding
androidx.appcompat.resources.R$styleable: int GradientColor_android_type
androidx.appcompat.resources.R$styleable: int StateListDrawableItem_android_drawable
androidx.appcompat.R$styleable: int AppCompatTheme_textAppearanceSearchResultSubtitle
androidx.constraintlayout.widget.R$styleable: int KeyCycle_android_rotationX
androidx.constraintlayout.solver.widgets.analyzer.WidgetRun$RunType: androidx.constraintlayout.solver.widgets.analyzer.WidgetRun$RunType[] values()
androidx.appcompat.R$color: int abc_tint_btn_checkable
androidx.constraintlayout.widget.R$id: int honorRequest
androidx.appcompat.R$color: int abc_primary_text_disable_only_material_light
androidx.appcompat.R$styleable: int AppCompatTheme_editTextColor
androidx.appcompat.R$style: int Base_Theme_AppCompat_Dialog
androidx.appcompat.R$attr: int toolbarStyle
androidx.appcompat.widget.ActionBarContextView
androidx.appcompat.R$style: int Base_Widget_AppCompat_ProgressBar_Horizontal
com.shawnlin.numberpicker.R$id: int time
com.shawnlin.numberpicker.NumberPicker: void setOrder(int)
androidx.appcompat.R$dimen: int notification_right_icon_size
butterknife.Action
android.support.v4.app.RemoteActionCompatParcelizer: androidx.core.app.RemoteActionCompat read(androidx.versionedparcelable.VersionedParcel)
androidx.appcompat.R$attr: int thumbTint
androidx.appcompat.R$drawable: int abc_list_pressed_holo_dark
androidx.constraintlayout.widget.R$styleable: int SwitchCompat_trackTint
androidx.appcompat.R$attr: int actionLayout
com.shawnlin.numberpicker.R$styleable: int[] StateListDrawableItem
androidx.constraintlayout.widget.R$styleable: int ConstraintSet_layout_constrainedHeight
androidx.appcompat.widget.AppCompatImageButton
androidx.core.R$attr: int ttcIndex
androidx.constraintlayout.widget.R$styleable: int AppCompatTheme_actionModeCloseButtonStyle
butterknife.R$style: int TextAppearance_Compat_Notification_Line2
androidx.appcompat.R$styleable: int SearchView_commitIcon
androidx.appcompat.R$styleable: int AppCompatTheme_colorControlActivated
androidx.constraintlayout.widget.R$styleable: int Constraint_layout_constraintHeight_max
com.shawnlin.numberpicker.R$styleable: int AppCompatTextView_drawableLeftCompat