app/build/outputs/mapping/release/mapping.txt
# compiler: R8
# compiler_version: 2.0.88
# min_api: 21
# pg_map_id: ee94543
# common_typos_disable
com.waseem.brickgame.Values -> com.waseem.brickgame.a:
    long DEFAULT_SPEED -> b
    java.lang.String[] RECIPIENTS -> a
com.waseem.brickgame.data.SharedPreferencesManager -> com.waseem.brickgame.b.a:
    android.content.SharedPreferences$Editor editor -> b
    android.content.Context context -> c
    android.content.SharedPreferences preferences -> a
    int getFiguresColor() -> a
    long getFiguresSpeed() -> b
    java.lang.String getFirstValue() -> c
    java.lang.String getSecondValue() -> d
    int getSquaresCountInRow() -> e
    java.lang.String getThirdValue() -> f
    boolean isHintsEnabled() -> g
    void putNewScore(int) -> h
    void setFiguresColor(int) -> i
    void setFiguresSpeed(long) -> j
    void setHintsEnabled(boolean) -> k
    void setSquaresCountInRow(int) -> l
com.waseem.brickgame.enums.FigureSpeed -> com.waseem.brickgame.c.a:
    com.waseem.brickgame.enums.FigureSpeed VERY_SLOW -> p
    long figureSpeedInMillis -> k
    int speedItemId -> j
    com.waseem.brickgame.enums.FigureSpeed DEFAULT -> n
    com.waseem.brickgame.enums.FigureSpeed SLOW -> o
    com.waseem.brickgame.enums.FigureSpeed VERY_FAST -> l
    com.waseem.brickgame.enums.FigureSpeed FAST -> m
    com.waseem.brickgame.enums.FigureSpeed[] $VALUES -> q
    long getFigureSpeedInMillis() -> d
    int getSpeedItemId() -> e
com.waseem.brickgame.enums.FigureState -> com.waseem.brickgame.c.b:
    com.waseem.brickgame.enums.FigureState MOVING -> j
    com.waseem.brickgame.enums.FigureState STOPPED -> k
    com.waseem.brickgame.enums.FigureState[] $VALUES -> l
com.waseem.brickgame.enums.FigureType -> com.waseem.brickgame.c.c:
    com.waseem.brickgame.enums.FigureType LONG_FIGURE -> j
    com.waseem.brickgame.enums.FigureType[] $VALUES -> C
    com.waseem.brickgame.enums.FigureType J_FOURTH_FIGURE -> r
    com.waseem.brickgame.enums.FigureType J_THIRD_FIGURE -> q
    com.waseem.brickgame.enums.FigureType J_SECOND_FIGURE -> p
    com.waseem.brickgame.enums.FigureType J_FIGURE -> o
    com.waseem.brickgame.enums.FigureType T_FIGURE -> n
    com.waseem.brickgame.enums.FigureType L_FIGURE -> m
    com.waseem.brickgame.enums.FigureType SQUARE_FIGURE -> l
    com.waseem.brickgame.enums.FigureType LONG_SECOND_FIGURE -> k
    com.waseem.brickgame.enums.FigureType T_SECOND_FIGURE -> z
    com.waseem.brickgame.enums.FigureType Z_SECOND_FIGURE -> y
    com.waseem.brickgame.enums.FigureType S_SECOND_FIGURE -> x
    com.waseem.brickgame.enums.FigureType L_FOURTH_FIGURE -> w
    com.waseem.brickgame.enums.FigureType L_SECOND_FIGURE -> v
    com.waseem.brickgame.enums.FigureType L_THIRD_FIGURE -> u
    com.waseem.brickgame.enums.FigureType Z_FIGURE -> t
    com.waseem.brickgame.enums.FigureType S_FIGURE -> s
    com.waseem.brickgame.enums.FigureType T_FOURTH_FIGURE -> B
    com.waseem.brickgame.enums.FigureType T_THIRD_FIGURE -> A
com.waseem.brickgame.figures.Figure -> com.waseem.brickgame.d.a:
    android.graphics.Point pointOnScreen -> e
    android.graphics.Point pointInNet -> f
    android.content.Context context -> b
    boolean[][] figureMask -> g
    com.waseem.brickgame.enums.FigureState state -> a
    int scale -> d
    int squareWidth -> c
    int getColor() -> a
    int getCoordinateInNet(int,int) -> b
    int getCurrentX() -> c
    int getCurrentY() -> d
    int getHeightInSquare() -> e
    android.graphics.Path getPath() -> f
    com.waseem.brickgame.enums.FigureType getRotatedFigure() -> g
    com.waseem.brickgame.enums.FigureState getState() -> h
    int getWidthInSquare() -> i
    void initFigureMask() -> j
    void initMaskWithFalse() -> k
    android.graphics.Point initPoint(int) -> l
    void moveDown() -> m
    void moveLeft() -> n
    void moveRight() -> o
    void setState(com.waseem.brickgame.enums.FigureState) -> p
...
androidx.appcompat.widget.AppCompatRatingBar -> androidx.appcompat.widget.t:
    androidx.appcompat.widget.AppCompatProgressBarHelper mAppCompatProgressBarHelper -> j
androidx.appcompat.widget.AppCompatSeekBar -> androidx.appcompat.widget.u:
    androidx.appcompat.widget.AppCompatSeekBarHelper mAppCompatSeekBarHelper -> j
androidx.appcompat.widget.AppCompatSeekBarHelper -> androidx.appcompat.widget.v:
    android.graphics.drawable.Drawable mTickMark -> e
    boolean mHasTickMarkTintMode -> i
    android.content.res.ColorStateList mTickMarkTintList -> f
    android.graphics.PorterDuff$Mode mTickMarkTintMode -> g
    boolean mHasTickMarkTint -> h
    android.widget.SeekBar mView -> d
    void loadFromAttributes(android.util.AttributeSet,int) -> c
    void applyTickMarkTint() -> f
    void drawTickMarks(android.graphics.Canvas) -> g
    void drawableStateChanged() -> h
    void jumpDrawablesToCurrentState() -> i
    void setTickMark(android.graphics.drawable.Drawable) -> j
androidx.appcompat.widget.AppCompatSpinner -> androidx.appcompat.widget.w:
    boolean mPopupSet -> n
    int[] ATTRS_ANDROID_SPINNERMODE -> r
    android.widget.SpinnerAdapter mTempAdapter -> m
    android.content.Context mPopupContext -> k
    androidx.appcompat.widget.AppCompatSpinner$SpinnerPopup mPopup -> o
    androidx.appcompat.widget.ForwardingListener mForwardingListener -> l
    androidx.appcompat.widget.AppCompatBackgroundHelper mBackgroundTintHelper -> j
    int mDropDownWidth -> p
    android.graphics.Rect mTempRect -> q
    int compatMeasureContentWidth(android.widget.SpinnerAdapter,android.graphics.drawable.Drawable) -> a
    void showPopup() -> b
androidx.appcompat.widget.AppCompatSpinner$1 -> androidx.appcompat.widget.w$a:
    androidx.appcompat.widget.AppCompatSpinner$DropdownPopup val$popup -> s
    androidx.appcompat.widget.AppCompatSpinner this$0 -> t
    androidx.appcompat.view.menu.ShowableListMenu getPopup() -> b
    boolean onForwardingStarted() -> c
androidx.appcompat.widget.AppCompatSpinner$2 -> androidx.appcompat.widget.w$b:
    androidx.appcompat.widget.AppCompatSpinner this$0 -> j
androidx.appcompat.widget.AppCompatSpinner$DialogPopup -> androidx.appcompat.widget.w$c:
    java.lang.CharSequence mPrompt -> l
    androidx.appcompat.widget.AppCompatSpinner this$0 -> m
    android.widget.ListAdapter mListAdapter -> k
    androidx.appcompat.app.AlertDialog mPopup -> j
    void setHorizontalOffset(int) -> a
    boolean isShowing() -> b
    int getHorizontalOffset() -> c
    void show(int,int) -> d
    int getVerticalOffset() -> g
    android.graphics.drawable.Drawable getBackground() -> i
    java.lang.CharSequence getHintText() -> j
    void setPromptText(java.lang.CharSequence) -> l
    void setBackgroundDrawable(android.graphics.drawable.Drawable) -> m
    void setVerticalOffset(int) -> n
    void setAdapter(android.widget.ListAdapter) -> o
    void setHorizontalOriginalOffset(int) -> p
androidx.appcompat.widget.AppCompatSpinner$DropDownAdapter -> androidx.appcompat.widget.w$d:
    android.widget.SpinnerAdapter mAdapter -> j
    android.widget.ListAdapter mListAdapter -> k
androidx.appcompat.widget.AppCompatSpinner$DropdownPopup -> androidx.appcompat.widget.w$e:
    android.widget.ListAdapter mAdapter -> S
    java.lang.CharSequence mHintText -> R
    int mOriginalHorizontalOffset -> U
    androidx.appcompat.widget.AppCompatSpinner this$0 -> V
    android.graphics.Rect mVisibleRect -> T
    void access$001(androidx.appcompat.widget.AppCompatSpinner$DropdownPopup) -> N
    void computeContentWidth() -> O
    int getHorizontalOriginalOffset() -> P
    boolean isVisibleToUser(android.view.View) -> Q
    void show(int,int) -> d
    java.lang.CharSequence getHintText() -> j
    void setPromptText(java.lang.CharSequence) -> l
    void setAdapter(android.widget.ListAdapter) -> o
    void setHorizontalOriginalOffset(int) -> p