app/build/outputs/mapping/release/usage.txt
com.waseem.brickgame.Values:
    public void <init>()
    private static final java.lang.String NAMESPACE
    public static final int EXTRA_ROWS
    public static final int FIGURE_STOPPED_SCORE
    public static final int COUNT_DOWN_INTERVAL
    public static final long DELAY_IN_MILLIS
    public static final long DEBOUNCE_DELAY_IN_MILLIS
    public static final long GAME_OVER_DELAY_IN_MILLIS
    public static final float LINE_WIDTH
    public static final java.lang.String PLAY_MARKET_URL
    public static final java.lang.String SHARE_INTENT_TYPE
    public static final java.lang.String DEV_NAME
    public static final java.lang.String PREFERENCES_KEY
    public static final java.lang.String FIRST_VALUE_KEY
    public static final java.lang.String SECOND_VALUE_KEY
    public static final java.lang.String THIRD_VALUE_KEY
    public static final int DEFAULT_VALUE
    public static final java.lang.String FIGURE_COLOR_KEY
    public static final int DEFAULT_COLOR
    public static final java.lang.String FIGURE_SPEED_KEY
    public static final java.lang.String ENABLE_HINTS_KEY
    public static final boolean ENABLED_HINTS
    public static final java.lang.String SQUARES_COUNT_IN_ROW_KEY
    public static final int SQUARES_COUNT_IN_ROW
    public static final int NOTIFICATION_ID
    public static final java.lang.String CHANNEL_NAME
    public static final java.lang.String SCORE_CHANNEL
com.waseem.brickgame.utils.AnimationUtil:
    public void <init>()
com.waseem.brickgame.ui.main.NetManager:
    public int getNetRowCount()
    public int getNetColumnCount()
    public void printNet()
com.waseem.brickgame.ui.score.ScoreActivity_ViewBinding:
    public void <init>(com.waseem.brickgame.ui.score.ScoreActivity)
    public void unbind()
com.waseem.brickgame.BuildConfig
com.waseem.brickgame.utils.Utils:
    public void <init>()
com.waseem.brickgame.R$bool
com.waseem.brickgame.R$id
com.waseem.brickgame.R$mipmap
com.waseem.brickgame.R$styleable
com.waseem.brickgame.R$anim
com.waseem.brickgame.R$attr
com.waseem.brickgame.R$drawable
com.waseem.brickgame.R$raw
com.waseem.brickgame.R$string
com.waseem.brickgame.R$integer
com.waseem.brickgame.ui.main.MainActivity_ViewBinding:
    public void <init>(com.waseem.brickgame.ui.main.MainActivity)
    public void unbind()
com.waseem.brickgame.R$interpolator
com.waseem.brickgame.ui.main.listeners.OnViewTouchListener$GestureListener:
    private static final int SWIPE_DISTANCE_THRESHOLD
    private static final int SWIPE_VELOCITY_THRESHOLD
com.waseem.brickgame.ui.main.views.PreviewAreaView:
    public void <init>(android.content.Context)
    public void <init>(android.content.Context,android.util.AttributeSet,int)
com.waseem.brickgame.figures.factory.FigureFactory:
    public void <init>()
com.waseem.brickgame.R$dimen
com.waseem.brickgame.ui.main.views.PlayingAreaView:
    public void <init>(android.content.Context)
    public void <init>(android.content.Context,android.util.AttributeSet,int)
com.waseem.brickgame.ui.settings.SettingsActivity_ViewBinding:
    public void <init>(com.waseem.brickgame.ui.settings.SettingsActivity)
    public void unbind()
com.waseem.brickgame.ui.main.views.ScoreView:
    public void <init>(android.content.Context)
    public void <init>(android.content.Context,android.util.AttributeSet,int)
com.waseem.brickgame.R$style
com.waseem.brickgame.R$color
com.waseem.brickgame.ui.start.StartActivity_ViewBinding:
    public void <init>(com.waseem.brickgame.ui.start.StartActivity)
    public void unbind()
com.waseem.brickgame.R
com.waseem.brickgame.R$layout
com.waseem.brickgame.ui.settings.SettingsActivity_ViewBinding$13:
    final synthetic com.waseem.brickgame.ui.settings.SettingsActivity_ViewBinding this$0
com.waseem.brickgame.ui.settings.SettingsActivity_ViewBinding$3:
    final synthetic com.waseem.brickgame.ui.settings.SettingsActivity_ViewBinding this$0
...
com.google.android.gms.common.internal.zzh
kotlin.jvm.internal.MutableLocalVariableReference
androidx.core.hardware.fingerprint.FingerprintManagerCompat$AuthenticationCallback
androidx.core.os.BundleKt
androidx.core.view.accessibility.AccessibilityViewCommand$MoveWindowArguments:
    public int getX()
    public int getY()
androidx.core.app.ActivityCompat$SharedElementCallback21Impl
kotlin.collections.ArraysKt___ArraysKt$withIndex$4
androidx.core.util.LongSparseArrayKt
androidx.core.view.ViewKt
androidx.versionedparcelable.VersionedParcelParcel:
    public void writeByteArray(byte[],int,int)
    public void writeLong(long)
    public void writeFloat(float)
    public void writeDouble(double)
    public void writeStrongBinder(android.os.IBinder)
    public void writeStrongInterface(android.os.IInterface)
    public void writeBundle(android.os.Bundle)
    public long readLong()
    public float readFloat()
    public double readDouble()
    public android.os.IBinder readStrongBinder()
    public android.os.Bundle readBundle()
    private static final boolean DEBUG
    private static final java.lang.String TAG
androidx.core.util.LruCacheKt$lruCache$4
androidx.constraintlayout.solver.state.helpers.AlignHorizontallyReference
androidx.core.util.PairKt
androidx.lifecycle.R
androidx.core.graphics.ShaderKt
androidx.core.app.RemoteInput$Builder
kotlin.collections.AbstractMap$toString$1
kotlin.collections.CharIterator
butterknife.runtime.R$integer
androidx.collection.ArrayMap:
    public void <init>(androidx.collection.SimpleArrayMap)
    public boolean containsAll(java.util.Collection)
    public boolean removeAll(java.util.Collection)
kotlin.sequences.SequenceBuilderIterator
com.google.android.gms.tasks.zzp
kotlin.text.CharCategory$Companion
androidx.core.content.IntentCompat
kotlin.sequences.SequencesKt___SequencesKt$minus$4
kotlin.sequences.GeneratorSequence$iterator$1
kotlin.coroutines.experimental.EmptyCoroutineContext
kotlin.collections.AbstractMap$Companion
androidx.fragment.R$style
androidx.core.database.CursorWindowCompat
com.google.android.gms.internal.stats.zzf
androidx.fragment.app.FragmentStatePagerAdapter
com.google.android.gms.common.internal.Objects:
    private void <init>()
    public static boolean checkBundlesEquality(android.os.Bundle,android.os.Bundle)
androidx.annotation.InspectableProperty$FlagEntry
kotlin.jvm.internal.unsafe.MonitorKt
com.shawnlin.numberpicker.Scroller:
    public void <init>(android.content.Context)
    public final void setFriction(float)
    public final int getDuration()
    public void startScroll(int,int,int,int)
    public void abortAnimation()
    public void extendDuration(int)
    public void setFinalX(int)
    public void setFinalY(int)
    public boolean isScrollingInDirection(float,float)
    private static final int DEFAULT_DURATION
    private static final int SCROLL_MODE
    private static final int FLING_MODE
    private static final float INFLEXION
    private static final float START_TENSION
    private static final float END_TENSION
    private static final float P1
    private static final float P2
    private static final int NB_SAMPLES
kotlin.collections.AbstractMutableMap
androidx.constraintlayout.solver.state.helpers.GuidelineReference
kotlin.ranges.ClosedFloatingPointRange$DefaultImpls
kotlin.reflect.KClassifier
com.google.firebase.installations.remote.TokenResult:
    public abstract com.google.firebase.installations.remote.TokenResult$Builder toBuilder()
androidx.core.view.accessibility.AccessibilityNodeInfoCompat$RangeInfoCompat
androidx.core.widget.TextViewCompat$OreoCallback:
    private static final int MENU_ITEM_ORDER_PROCESS_TEXT_INTENT_ACTIONS_START
androidx.core.net.DatagramSocketWrapper
com.google.firebase.installations.R$color
kotlin.collections.ArraysKt___ArraysJvmKt$asList$5
com.google.firebase.R$string
androidx.core.view.inputmethod.InputConnectionCompat
kotlin.ULongArray$Iterator